# JRE version: OpenJDK Runtime Environment (11.0.13) (build 11.0.13+0-b1751.21-8125866)
# Java VM: OpenJDK 64-Bit Server VM (11.0.13+0-b1751.21-8125866, mixed mode, tiered, compressed oops, g1 gc, linux-amd64)
Heap:
 garbage-first heap   total 530432K, used 192512K [0x00000000a0000000, 0x0000000100000000)
  region size 1024K, 5 young (5120K), 5 survivors (5120K)
 Metaspace       used 103698K, capacity 106322K, committed 107168K, reserved 1142784K
  class space    used 12908K, capacity 13829K, committed 14120K, reserved 1048576K
GC Heap History (20 events):
Event: 18,768 GC heap after
{Heap after GC invocations=27 (full 0):
 garbage-first heap   total 224256K, used 104829K [0x00000000a0000000, 0x0000000100000000)
  region size 1024K, 4 young (4096K), 4 survivors (4096K)
 Metaspace       used 101724K, capacity 104583K, committed 104736K, reserved 1140736K
  class space    used 12890K, capacity 13906K, committed 13992K, reserved 1048576K
}
Event: 18,855 GC heap before
{Heap before GC invocations=27 (full 0):
 garbage-first heap   total 224256K, used 110973K [0x00000000a0000000, 0x0000000100000000)
  region size 1024K, 10 young (10240K), 4 survivors (4096K)
 Metaspace       used 101900K, capacity 104725K, committed 104992K, reserved 1140736K
  class space    used 12899K, capacity 13910K, committed 13992K, reserved 1048576K
}
Event: 18,863 GC heap after
{Heap after GC invocations=28 (full 0):
 garbage-first heap   total 224256K, used 95276K [0x00000000a0000000, 0x0000000100000000)
  region size 1024K, 1 young (1024K), 1 survivors (1024K)
 Metaspace       used 101900K, capacity 104725K, committed 104992K, reserved 1140736K
  class space    used 12899K, capacity 13910K, committed 13992K, reserved 1048576K
}
Event: 19,541 GC heap before
{Heap before GC invocations=28 (full 0):
 garbage-first heap   total 224256K, used 174124K [0x00000000a0000000, 0x0000000100000000)
  region size 1024K, 78 young (79872K), 1 survivors (1024K)
 Metaspace       used 102696K, capacity 105538K, committed 105760K, reserved 1140736K
  class space    used 12958K, capacity 13983K, committed 13992K, reserved 1048576K
}
Event: 19,559 GC heap after
{Heap after GC invocations=29 (full 0):
 garbage-first heap   total 224256K, used 95688K [0x00000000a0000000, 0x0000000100000000)
  region size 1024K, 2 young (2048K), 2 survivors (2048K)
 Metaspace       used 102696K, capacity 105538K, committed 105760K, reserved 1140736K
  class space    used 12958K, capacity 13983K, committed 13992K, reserved 1048576K
}
Event: 20,062 GC heap before
{Heap before GC invocations=30 (full 0):
 garbage-first heap   total 224256K, used 174536K [0x00000000a0000000, 0x0000000100000000)
  region size 1024K, 82 young (83968K), 2 survivors (2048K)
 Metaspace       used 102654K, capacity 105277K, committed 106016K, reserved 1140736K
  class space    used 12811K, capacity 13707K, committed 13992K, reserved 1048576K
}
Event: 20,068 GC heap after
{Heap after GC invocations=31 (full 0):
 garbage-first heap   total 224256K, used 93836K [0x00000000a0000000, 0x0000000100000000)
  region size 1024K, 2 young (2048K), 2 survivors (2048K)
 Metaspace       used 102654K, capacity 105277K, committed 106016K, reserved 1140736K
  class space    used 12811K, capacity 13707K, committed 13992K, reserved 1048576K
}
Event: 20,137 GC heap before
{Heap before GC invocations=31 (full 0):
 garbage-first heap   total 224256K, used 102028K [0x00000000a0000000, 0x0000000100000000)
  region size 1024K, 10 young (10240K), 2 survivors (2048K)
 Metaspace       used 102804K, capacity 105403K, committed 106144K, reserved 1140736K
  class space    used 12835K, capacity 13745K, committed 14120K, reserved 1048576K
}
Event: 20,161 GC heap after
{Heap after GC invocations=32 (full 0):
 garbage-first heap   total 224256K, used 89124K [0x00000000a0000000, 0x0000000100000000)
  region size 1024K, 1 young (1024K), 1 survivors (1024K)
 Metaspace       used 102804K, capacity 105403K, committed 106144K, reserved 1140736K
  class space    used 12835K, capacity 13745K, committed 14120K, reserved 1048576K
}
Event: 20,262 GC heap before
{Heap before GC invocations=32 (full 0):
 garbage-first heap   total 224256K, used 111652K [0x00000000a0000000, 0x0000000100000000)
  region size 1024K, 17 young (17408K), 1 survivors (1024K)
 Metaspace       used 102958K, capacity 105637K, committed 106400K, reserved 1142784K
  class space    used 12853K, capacity 13780K, committed 14120K, reserved 1048576K
}
Event: 20,268 GC heap after
{Heap after GC invocations=33 (full 0):
 garbage-first heap   total 224256K, used 99480K [0x00000000a0000000, 0x0000000100000000)
  region size 1024K, 3 young (3072K), 3 survivors (3072K)
 Metaspace       used 102958K, capacity 105637K, committed 106400K, reserved 1142784K
  class space    used 12853K, capacity 13780K, committed 14120K, reserved 1048576K
}
Event: 20,801 GC heap before
{Heap before GC invocations=34 (full 0):
 garbage-first heap   total 224256K, used 187544K [0x00000000a0000000, 0x0000000100000000)
  region size 1024K, 70 young (71680K), 3 survivors (3072K)
 Metaspace       used 103555K, capacity 106244K, committed 106912K, reserved 1142784K
  class space    used 12907K, capacity 13829K, committed 14120K, reserved 1048576K
}
Event: 20,852 GC heap after
{Heap after GC invocations=35 (full 0):
 garbage-first heap   total 269312K, used 141000K [0x00000000a0000000, 0x0000000100000000)
  region size 1024K, 9 young (9216K), 9 survivors (9216K)
 Metaspace       used 103555K, capacity 106244K, committed 106912K, reserved 1142784K
  class space    used 12907K, capacity 13829K, committed 14120K, reserved 1048576K
}
Event: 20,886 GC heap before
{Heap before GC invocations=35 (full 0):
 garbage-first heap   total 269312K, used 144072K [0x00000000a0000000, 0x0000000100000000)
  region size 1024K, 13 young (13312K), 9 survivors (9216K)
 Metaspace       used 103568K, capacity 106244K, committed 106912K, reserved 1142784K
  class space    used 12907K, capacity 13829K, committed 14120K, reserved 1048576K
}
Event: 20,923 GC heap after
{Heap after GC invocations=36 (full 0):
 garbage-first heap   total 269312K, used 145408K [0x00000000a0000000, 0x0000000100000000)
  region size 1024K, 2 young (2048K), 2 survivors (2048K)
 Metaspace       used 103568K, capacity 106244K, committed 106912K, reserved 1142784K
  class space    used 12907K, capacity 13829K, committed 14120K, reserved 1048576K
}
Event: 21,310 GC heap before
{Heap before GC invocations=36 (full 0):
 garbage-first heap   total 269312K, used 200704K [0x00000000a0000000, 0x0000000100000000)
  region size 1024K, 55 young (56320K), 2 survivors (2048K)
 Metaspace       used 103641K, capacity 106253K, committed 106912K, reserved 1142784K
  class space    used 12908K, capacity 13829K, committed 14120K, reserved 1048576K
}
Event: 21,371 GC heap after
{Heap after GC invocations=37 (full 0):
 garbage-first heap   total 269312K, used 174592K [0x00000000a0000000, 0x0000000100000000)
  region size 1024K, 7 young (7168K), 7 survivors (7168K)
 Metaspace       used 103641K, capacity 106253K, committed 106912K, reserved 1142784K
  class space    used 12908K, capacity 13829K, committed 14120K, reserved 1048576K
}
Event: 21,550 GC heap before
{Heap before GC invocations=37 (full 0):
 garbage-first heap   total 269312K, used 195072K [0x00000000a0000000, 0x0000000100000000)
  region size 1024K, 27 young (27648K), 7 survivors (7168K)
 Metaspace       used 103673K, capacity 106320K, committed 107168K, reserved 1142784K
  class space    used 12908K, capacity 13829K, committed 14120K, reserved 1048576K
}
Event: 21,604 GC heap after
{Heap after GC invocations=38 (full 0):
 garbage-first heap   total 269312K, used 182272K [0x00000000a0000000, 0x0000000100000000)
  region size 1024K, 4 young (4096K), 4 survivors (4096K)
 Metaspace       used 103673K, capacity 106320K, committed 107168K, reserved 1142784K
  class space    used 12908K, capacity 13829K, committed 14120K, reserved 1048576K
}
Event: 22,213 GC heap before
{Heap before GC invocations=38 (full 0):
 garbage-first heap   total 269312K, used 210944K [0x00000000a0000000, 0x0000000100000000)
  region size 1024K, 34 young (34816K), 4 survivors (4096K)
 Metaspace       used 103698K, capacity 106322K, committed 107168K, reserved 1142784K
  class space    used 12908K, capacity 13829K, committed 14120K, reserved 1048576K
}

